Performing C SOURCE FILE Test COMPILER_HAS_THOSE_TOGGLES failed with the following output:
Change Dir: D:/workspace/Raylib/SpaceInvaders/cmake-build-debug/CMakeFiles/CMakeTmp

Run Build Command(s):C:/Program Files/JetBrains/CLion 2021.2/bin/ninja/win/ninja.exe cmTC_a6c70 && [1/2] Building C object CMakeFiles\cmTC_a6c70.dir\src.c.obj
FAILED: CMakeFiles/cmTC_a6c70.dir/src.c.obj 
C:\PROGRA~1\MIB055~1\2022\COMMUN~1\VC\Tools\MSVC\1433~1.316\bin\Hostx86\x86\cl.exe  /nologo -DCOMPILER_HAS_THOSE_TOGGLES  /DWIN32 /D_WINDOWS  /Zi /Ob0 /Od /RTC1 -MDd   -Werror=pointer-arith /showIncludes /FoCMakeFiles\cmTC_a6c70.dir\src.c.obj /FdCMakeFiles\cmTC_a6c70.dir\ /FS -c D:\workspace\Raylib\SpaceInvaders\cmake-build-debug\CMakeFiles\CMakeTmp\src.c
cl : Command line error D8021 : invalid numeric argument '/Werror=pointer-arith'
ninja: build stopped: subcommand failed.


Source file was:
int main(void) { return 0; }
Determining if the include file pthread.h exists failed with the following output:
Change Dir: D:/workspace/Raylib/SpaceInvaders/cmake-build-debug/CMakeFiles/CMakeTmp

Run Build Command(s):C:/Program Files/JetBrains/CLion 2021.2/bin/ninja/win/ninja.exe cmTC_6c1a0 && [1/2] Building C object CMakeFiles\cmTC_6c1a0.dir\CheckIncludeFile.c.obj
FAILED: CMakeFiles/cmTC_6c1a0.dir/CheckIncludeFile.c.obj 
C:\PROGRA~1\MIB055~1\2022\COMMUN~1\VC\Tools\MSVC\1433~1.316\bin\Hostx86\x86\cl.exe  /nologo   /DWIN32 /D_WINDOWS  /Zi /Ob0 /Od /RTC1 -MDd /showIncludes /FoCMakeFiles\cmTC_6c1a0.dir\CheckIncludeFile.c.obj /FdCMakeFiles\cmTC_6c1a0.dir\ /FS -c D:\workspace\Raylib\SpaceInvaders\cmake-build-debug\CMakeFiles\CMakeTmp\CheckIncludeFile.c
D:\workspace\Raylib\SpaceInvaders\cmake-build-debug\CMakeFiles\CMakeTmp\CheckIncludeFile.c(1): fatal error C1083: Cannot open include file: 'pthread.h': No such file or directory
ninja: build stopped: subcommand failed.



